INFO: latexindent.exe version 3.8, 2020-03-21, a script to indent .tex files
      latexindent.exe lives here: C:/Program Files/texlive/2020/bin/win32/
      Tue Jan 18 17:57:31 2022
      Filename: c:/Users/steve/Documents/GitHub/FDU-Graph-Data-Management-and-Mining/Project3-SimRank-Enhanced-by-Semantic/report/src/__latexindent_temp.tex
INFO: Processing switches:
      -y|--yaml: YAML settings specified via command line
      -c|--cruft: cruft directory
INFO: Directory for backup files and c:/Users/steve/Documents/GitHub/FDU-Graph-Data-Management-and-Mining/Project3-SimRank-Enhanced-by-Semantic/report/src//indent.log: c:/Users/steve/Documents/GitHub/FDU-Graph-Data-Management-and-Mining/Project3-SimRank-Enhanced-by-Semantic/report/src/
INFO: YAML settings read: defaultSettings.yaml
      Reading defaultSettings.yaml from C:/Program Files/texlive/2020/bin/win32/defaultSettings.yaml
      Reading defaultSettings.yaml (2nd attempt, TeXLive, Windows) from C:/Program Files/texlive/2020/bin/win32/../../texmf-dist/scripts/latexindent/defaultSettings.yaml
INFO: YAML settings read: indentconfig.yaml or .indentconfig.yaml
      Home directory is C:\Users\steve (didn't find either indentconfig.yaml or .indentconfig.yaml)
      To specify user settings you would put indentconfig.yaml here: C:\Users\steve/indentconfig.yaml
      Alternatively, you can use the hidden file .indentconfig.yaml as: C:\Users\steve/.indentconfig.yaml
INFO: YAML settings read: -y switch
      Updating masterSettings with defaultIndent:     
FATAL: I couldn't find c:/Users/steve/Documents/GitHub/FDU-Graph-Data-Management-and-Mining/Project3-SimRank-Enhanced-by-Semantic/report/src/__latexindent_temp.tex, are you sure it exists?.
       No indentation done.
       Exiting.
